# JRE version: Java(TM) SE Runtime Environment (8.0_191-b12) (build 1.8.0_191-b12)
# Java VM: Java HotSpot(TM) 64-Bit Server VM (25.191-b12 mixed mode linux-amd64 compressed oops)
Heap:
 PSYoungGen      total 35840K, used 18155K [0x00000000d8100000, 0x00000000db300000, 0x0000000100000000)
  eden space 30720K, 59% used [0x00000000d8100000,0x00000000d92baf70,0x00000000d9f00000)
  from space 5120K, 0% used [0x00000000d9f00000,0x00000000d9f00000,0x00000000da400000)
  to   space 5120K, 0% used [0x00000000dae00000,0x00000000dae00000,0x00000000db300000)
 ParOldGen       total 143360K, used 23675K [0x0000000088200000, 0x0000000090e00000, 0x00000000d8100000)
  object space 143360K, 16% used [0x0000000088200000,0x000000008991ef38,0x0000000090e00000)
 Metaspace       used 28533K, capacity 29026K, committed 29312K, reserved 1075200K
  class space    used 3494K, capacity 3653K, committed 3712K, reserved 1048576K
GC Heap History (10 events):
Event: 1.217 GC heap before
{Heap before GC invocations=1 (full 0):
 PSYoungGen      total 35840K, used 30720K [0x00000000d8100000, 0x00000000da900000, 0x0000000100000000)
  eden space 30720K, 100% used [0x00000000d8100000,0x00000000d9f00000,0x00000000d9f00000)
  from space 5120K, 0% used [0x00000000da400000,0x00000000da400000,0x00000000da900000)
  to   space 5120K, 0% used [0x00000000d9f00000,0x00000000d9f00000,0x00000000da400000)
 ParOldGen       total 81920K, used 0K [0x0000000088200000, 0x000000008d200000, 0x00000000d8100000)
  object space 81920K, 0% used [0x0000000088200000,0x0000000088200000,0x000000008d200000)
 Metaspace       used 15668K, capacity 15900K, committed 16128K, reserved 1062912K
  class space    used 1930K, capacity 2028K, committed 2048K, reserved 1048576K
Event: 1.227 GC heap after
Heap after GC invocations=1 (full 0):
 PSYoungGen      total 35840K, used 5101K [0x00000000d8100000, 0x00000000da900000, 0x0000000100000000)
  eden space 30720K, 0% used [0x00000000d8100000,0x00000000d8100000,0x00000000d9f00000)
  from space 5120K, 99% used [0x00000000d9f00000,0x00000000da3fb788,0x00000000da400000)
  to   space 5120K, 0% used [0x00000000da400000,0x00000000da400000,0x00000000da900000)
 ParOldGen       total 81920K, used 3139K [0x0000000088200000, 0x000000008d200000, 0x00000000d8100000)
  object space 81920K, 3% used [0x0000000088200000,0x0000000088510f08,0x000000008d200000)
 Metaspace       used 15668K, capacity 15900K, committed 16128K, reserved 1062912K
  class space    used 1930K, capacity 2028K, committed 2048K, reserved 1048576K
}
Event: 2.023 GC heap before
{Heap before GC invocations=2 (full 0):
 PSYoungGen      total 35840K, used 28888K [0x00000000d8100000, 0x00000000da900000, 0x0000000100000000)
  eden space 30720K, 77% used [0x00000000d8100000,0x00000000d983a958,0x00000000d9f00000)
  from space 5120K, 99% used [0x00000000d9f00000,0x00000000da3fb788,0x00000000da400000)
  to   space 5120K, 0% used [0x00000000da400000,0x00000000da400000,0x00000000da900000)
 ParOldGen       total 81920K, used 3139K [0x0000000088200000, 0x000000008d200000, 0x00000000d8100000)
  object space 81920K, 3% used [0x0000000088200000,0x0000000088510f08,0x000000008d200000)
 Metaspace       used 20801K, capacity 21056K, committed 21296K, reserved 1069056K
  class space    used 2556K, capacity 2650K, committed 2688K, reserved 1048576K
Event: 2.037 GC heap after
Heap after GC invocations=2 (full 0):
 PSYoungGen      total 35840K, used 5106K [0x00000000d8100000, 0x00000000dc700000, 0x0000000100000000)
  eden space 30720K, 0% used [0x00000000d8100000,0x00000000d8100000,0x00000000d9f00000)
  from space 5120K, 99% used [0x00000000da400000,0x00000000da8fc900,0x00000000da900000)
  to   space 5120K, 0% used [0x00000000d9f00000,0x00000000d9f00000,0x00000000da400000)
 ParOldGen       total 81920K, used 6768K [0x0000000088200000, 0x000000008d200000, 0x00000000d8100000)
  object space 81920K, 8% used [0x0000000088200000,0x000000008889c2f8,0x000000008d200000)
 Metaspace       used 20801K, capacity 21056K, committed 21296K, reserved 1069056K
  class space    used 2556K, capacity 2650K, committed 2688K, reserved 1048576K
}
Event: 2.037 GC heap before
{Heap before GC invocations=3 (full 1):
 PSYoungGen      total 35840K, used 5106K [0x00000000d8100000, 0x00000000dc700000, 0x0000000100000000)
  eden space 30720K, 0% used [0x00000000d8100000,0x00000000d8100000,0x00000000d9f00000)
  from space 5120K, 99% used [0x00000000da400000,0x00000000da8fc900,0x00000000da900000)
  to   space 5120K, 0% used [0x00000000d9f00000,0x00000000d9f00000,0x00000000da400000)
 ParOldGen       total 81920K, used 6768K [0x0000000088200000, 0x000000008d200000, 0x00000000d8100000)
  object space 81920K, 8% used [0x0000000088200000,0x000000008889c2f8,0x000000008d200000)
 Metaspace       used 20801K, capacity 21056K, committed 21296K, reserved 1069056K
  class space    used 2556K, capacity 2650K, committed 2688K, reserved 1048576K
Event: 2.085 GC heap after
Heap after GC invocations=3 (full 1):
 PSYoungGen      total 35840K, used 0K [0x00000000d8100000, 0x00000000dc700000, 0x0000000100000000)
  eden space 30720K, 0% used [0x00000000d8100000,0x00000000d8100000,0x00000000d9f00000)
  from space 5120K, 0% used [0x00000000da400000,0x00000000da400000,0x00000000da900000)
  to   space 5120K, 0% used [0x00000000d9f00000,0x00000000d9f00000,0x00000000da400000)
 ParOldGen       total 63488K, used 8513K [0x0000000088200000, 0x000000008c000000, 0x00000000d8100000)
  object space 63488K, 13% used [0x0000000088200000,0x0000000088a50778,0x000000008c000000)
 Metaspace       used 20801K, capacity 21056K, committed 21296K, reserved 1069056K
  class space    used 2556K, capacity 2650K, committed 2688K, reserved 1048576K
}
Event: 3.841 GC heap before
{Heap before GC invocations=4 (full 1):
 PSYoungGen      total 35840K, used 30720K [0x00000000d8100000, 0x00000000dc700000, 0x0000000100000000)
  eden space 30720K, 100% used [0x00000000d8100000,0x00000000d9f00000,0x00000000d9f00000)
  from space 5120K, 0% used [0x00000000da400000,0x00000000da400000,0x00000000da900000)
  to   space 5120K, 0% used [0x00000000d9f00000,0x00000000d9f00000,0x00000000da400000)
 ParOldGen       total 63488K, used 8515K [0x0000000088200000, 0x000000008c000000, 0x00000000d8100000)
  object space 63488K, 13% used [0x0000000088200000,0x0000000088a50f60,0x000000008c000000)
 Metaspace       used 28183K, capacity 28602K, committed 28928K, reserved 1075200K
  class space    used 3432K, capacity 3577K, committed 3584K, reserved 1048576K
Event: 3.859 GC heap after
Heap after GC invocations=4 (full 1):
 PSYoungGen      total 35840K, used 5113K [0x00000000d8100000, 0x00000000db300000, 0x0000000100000000)
  eden space 30720K, 0% used [0x00000000d8100000,0x00000000d8100000,0x00000000d9f00000)
  from space 5120K, 99% used [0x00000000d9f00000,0x00000000da3fe7d8,0x00000000da400000)
  to   space 5120K, 0% used [0x00000000dae00000,0x00000000dae00000,0x00000000db300000)
 ParOldGen       total 63488K, used 43250K [0x0000000088200000, 0x000000008c000000, 0x00000000d8100000)
  object space 63488K, 68% used [0x0000000088200000,0x000000008ac3c9d0,0x000000008c000000)
 Metaspace       used 28183K, capacity 28602K, committed 28928K, reserved 1075200K
  class space    used 3432K, capacity 3577K, committed 3584K, reserved 1048576K
}
Event: 3.859 GC heap before
{Heap before GC invocations=5 (full 2):
 PSYoungGen      total 35840K, used 5113K [0x00000000d8100000, 0x00000000db300000, 0x0000000100000000)
  eden space 30720K, 0% used [0x00000000d8100000,0x00000000d8100000,0x00000000d9f00000)
  from space 5120K, 99% used [0x00000000d9f00000,0x00000000da3fe7d8,0x00000000da400000)
  to   space 5120K, 0% used [0x00000000dae00000,0x00000000dae00000,0x00000000db300000)
 ParOldGen       total 63488K, used 43250K [0x0000000088200000, 0x000000008c000000, 0x00000000d8100000)
  object space 63488K, 68% used [0x0000000088200000,0x000000008ac3c9d0,0x000000008c000000)
 Metaspace       used 28183K, capacity 28602K, committed 28928K, reserved 1075200K
  class space    used 3432K, capacity 3577K, committed 3584K, reserved 1048576K
Event: 3.894 GC heap after
Heap after GC invocations=5 (full 2):
 PSYoungGen      total 35840K, used 0K [0x00000000d8100000, 0x00000000db300000, 0x0000000100000000)
  eden space 30720K, 0% used [0x00000000d8100000,0x00000000d8100000,0x00000000d9f00000)
  from space 5120K, 0% used [0x00000000d9f00000,0x00000000d9f00000,0x00000000da400000)
  to   space 5120K, 0% used [0x00000000dae00000,0x00000000dae00000,0x00000000db300000)
 ParOldGen       total 143360K, used 23675K [0x0000000088200000, 0x0000000090e00000, 0x00000000d8100000)
  object space 143360K, 16% used [0x0000000088200000,0x000000008991ef38,0x0000000090e00000)
 Metaspace       used 28183K, capacity 28602K, committed 28928K, reserved 1075200K
  class space    used 3432K, capacity 3577K, committed 3584K, reserved 1048576K
}

