# JRE version: Java(TM) SE Runtime Environment (8.0_191-b12) (build 1.8.0_191-b12)
# Java VM: Java HotSpot(TM) 64-Bit Server VM (25.191-b12 mixed mode linux-amd64 compressed oops)
Heap:
 PSYoungGen      total 66560K, used 53750K [0x00000000d8100000, 0x00000000dc700000, 0x0000000100000000)
  eden space 61440K, 87% used [0x00000000d8100000,0x00000000db57db70,0x00000000dbd00000)
  from space 5120K, 0% used [0x00000000dc200000,0x00000000dc200000,0x00000000dc700000)
  to   space 5120K, 0% used [0x00000000dbd00000,0x00000000dbd00000,0x00000000dc200000)
 ParOldGen       total 62976K, used 8522K [0x0000000088200000, 0x000000008bf80000, 0x00000000d8100000)
  object space 62976K, 13% used [0x0000000088200000,0x0000000088a52818,0x000000008bf80000)
 Metaspace       used 28747K, capacity 29250K, committed 29568K, reserved 1075200K
  class space    used 3520K, capacity 3685K, committed 3712K, reserved 1048576K
GC Heap History (6 events):
Event: 1.001 GC heap before
{Heap before GC invocations=1 (full 0):
 PSYoungGen      total 35840K, used 30720K [0x00000000d8100000, 0x00000000da900000, 0x0000000100000000)
  eden space 30720K, 100% used [0x00000000d8100000,0x00000000d9f00000,0x00000000d9f00000)
  from space 5120K, 0% used [0x00000000da400000,0x00000000da400000,0x00000000da900000)
  to   space 5120K, 0% used [0x00000000d9f00000,0x00000000d9f00000,0x00000000da400000)
 ParOldGen       total 81920K, used 0K [0x0000000088200000, 0x000000008d200000, 0x00000000d8100000)
  object space 81920K, 0% used [0x0000000088200000,0x0000000088200000,0x000000008d200000)
 Metaspace       used 15651K, capacity 15900K, committed 16128K, reserved 1062912K
  class space    used 1929K, capacity 2028K, committed 2048K, reserved 1048576K
Event: 1.011 GC heap after
Heap after GC invocations=1 (full 0):
 PSYoungGen      total 35840K, used 5104K [0x00000000d8100000, 0x00000000dc700000, 0x0000000100000000)
  eden space 30720K, 0% used [0x00000000d8100000,0x00000000d8100000,0x00000000d9f00000)
  from space 5120K, 99% used [0x00000000d9f00000,0x00000000da3fc030,0x00000000da400000)
  to   space 5120K, 0% used [0x00000000dc200000,0x00000000dc200000,0x00000000dc700000)
 ParOldGen       total 81920K, used 3156K [0x0000000088200000, 0x000000008d200000, 0x00000000d8100000)
  object space 81920K, 3% used [0x0000000088200000,0x0000000088515368,0x000000008d200000)
 Metaspace       used 15651K, capacity 15900K, committed 16128K, reserved 1062912K
  class space    used 1929K, capacity 2028K, committed 2048K, reserved 1048576K
}
Event: 1.643 GC heap before
{Heap before GC invocations=2 (full 0):
 PSYoungGen      total 35840K, used 28661K [0x00000000d8100000, 0x00000000dc700000, 0x0000000100000000)
  eden space 30720K, 76% used [0x00000000d8100000,0x00000000d9801418,0x00000000d9f00000)
  from space 5120K, 99% used [0x00000000d9f00000,0x00000000da3fc030,0x00000000da400000)
  to   space 5120K, 0% used [0x00000000dc200000,0x00000000dc200000,0x00000000dc700000)
 ParOldGen       total 81920K, used 3156K [0x0000000088200000, 0x000000008d200000, 0x00000000d8100000)
  object space 81920K, 3% used [0x0000000088200000,0x0000000088515368,0x000000008d200000)
 Metaspace       used 20802K, capacity 21056K, committed 21296K, reserved 1069056K
  class space    used 2556K, capacity 2650K, committed 2688K, reserved 1048576K
Event: 1.656 GC heap after
Heap after GC invocations=2 (full 0):
 PSYoungGen      total 66560K, used 5089K [0x00000000d8100000, 0x00000000dc700000, 0x0000000100000000)
  eden space 61440K, 0% used [0x00000000d8100000,0x00000000d8100000,0x00000000dbd00000)
  from space 5120K, 99% used [0x00000000dc200000,0x00000000dc6f8490,0x00000000dc700000)
  to   space 5120K, 0% used [0x00000000dbd00000,0x00000000dbd00000,0x00000000dc200000)
 ParOldGen       total 81920K, used 6803K [0x0000000088200000, 0x000000008d200000, 0x00000000d8100000)
  object space 81920K, 8% used [0x0000000088200000,0x00000000888a4f70,0x000000008d200000)
 Metaspace       used 20802K, capacity 21056K, committed 21296K, reserved 1069056K
  class space    used 2556K, capacity 2650K, committed 2688K, reserved 1048576K
}
Event: 1.656 GC heap before
{Heap before GC invocations=3 (full 1):
 PSYoungGen      total 66560K, used 5089K [0x00000000d8100000, 0x00000000dc700000, 0x0000000100000000)
  eden space 61440K, 0% used [0x00000000d8100000,0x00000000d8100000,0x00000000dbd00000)
  from space 5120K, 99% used [0x00000000dc200000,0x00000000dc6f8490,0x00000000dc700000)
  to   space 5120K, 0% used [0x00000000dbd00000,0x00000000dbd00000,0x00000000dc200000)
 ParOldGen       total 81920K, used 6803K [0x0000000088200000, 0x000000008d200000, 0x00000000d8100000)
  object space 81920K, 8% used [0x0000000088200000,0x00000000888a4f70,0x000000008d200000)
 Metaspace       used 20802K, capacity 21056K, committed 21296K, reserved 1069056K
  class space    used 2556K, capacity 2650K, committed 2688K, reserved 1048576K
Event: 1.698 GC heap after
Heap after GC invocations=3 (full 1):
 PSYoungGen      total 66560K, used 0K [0x00000000d8100000, 0x00000000dc700000, 0x0000000100000000)
  eden space 61440K, 0% used [0x00000000d8100000,0x00000000d8100000,0x00000000dbd00000)
  from space 5120K, 0% used [0x00000000dc200000,0x00000000dc200000,0x00000000dc700000)
  to   space 5120K, 0% used [0x00000000dbd00000,0x00000000dbd00000,0x00000000dc200000)
 ParOldGen       total 62976K, used 8522K [0x0000000088200000, 0x000000008bf80000, 0x00000000d8100000)
  object space 62976K, 13% used [0x0000000088200000,0x0000000088a52818,0x000000008bf80000)
 Metaspace       used 20802K, capacity 21056K, committed 21296K, reserved 1069056K
  class space    used 2556K, capacity 2650K, committed 2688K, reserved 1048576K
}

